#
# There is insufficient memory for the Java Runtime Environment to continue.
# Native memory allocation (malloc) failed to allocate 51216 bytes for Chunk::new
# Possible reasons:
#   The system is out of physical RAM or swap space
#   The process is running with CompressedOops enabled, and the Java Heap may be blocking the growth of the native heap
# Possible solutions:
#   Reduce memory load on the system
#   Increase physical memory or swap space
#   Check if swap backing store is full
#   Decrease Java heap size (-Xmx/-Xms)
#   Decrease number of Java threads
#   Decrease Java thread stack sizes (-Xss)
#   Set larger code cache with -XX:ReservedCodeCacheSize=
#   JVM is running with Unscaled Compressed Oops mode in which the Java heap is
#     placed in the first 4GB address space. The Java Heap base address is the
#     maximum limit for the native heap growth. Please use -XX:HeapBaseMinAddress
#     to set the Java Heap base and to place the Java Heap above 4GB virtual address.
# This output file may be truncated or incomplete.
#
#  Out of Memory Error (t:/workspace/open/src/hotspot/share/memory/arena.cpp:197), pid=9792, tid=18372
#
# JRE version: OpenJDK Runtime Environment (11.0+28) (build 11+28)
# Java VM: OpenJDK 64-Bit Server VM (11+28, mixed mode, tiered, compressed oops, g1 gc, windows-amd64)
# No core dump will be written. Minidumps are not enabled by default on client versions of Windows
#

---------------  S U M M A R Y ------------

Command Line: --add-opens=java.base/java.util=ALL-UNNAMED --add-opens=java.base/java.lang=ALL-UNNAMED --add-opens=java.base/java.lang.invoke=ALL-UNNAMED --add-opens=java.prefs/java.util.prefs=ALL-UNNAMED --add-opens=java.base/java.nio.charset=ALL-UNNAMED --add-opens=java.base/java.net=ALL-UNNAMED --add-opens=java.base/java.util.concurrent.atomic=ALL-UNNAMED -XX:MaxMetaspaceSize=384m -XX:+HeapDumpOnOutOfMemoryError -Xms256m -Xmx512m -Dfile.encoding=x-windows-949 -Duser.country=KR -Duser.language=ko -Duser.variant -javaagent:C:\Users\94101574\.gradle\wrapper\dists\gradle-8.2.1-bin\5hap6b9n41hkg4jeh2au2pllh\gradle-8.2.1\lib\agents\gradle-instrumentation-agent-8.2.1.jar org.gradle.launcher.daemon.bootstrap.GradleDaemon 8.2.1

Host: Intel(R) Xeon(R) Gold 6240R CPU @ 2.40GHz, 4 cores, 7G,  Windows 10 , 64 bit Build 19041 (10.0.19041.1889)
Time: Wed Aug 30 11:10:21 2023 대한민국 표준시 elapsed time: 11 seconds (0d 0h 0m 11s)

---------------  T H R E A D  ---------------

Current thread (0x0000022842a2b800):  JavaThread "C2 CompilerThread0" daemon [_thread_in_native, id=18372, stack(0x0000009266400000,0x0000009266500000)]


Current CompileTask:
C2:  11246 3939       4       java.lang.ClassLoader::definePackage (84 bytes)

Stack: [0x0000009266400000,0x0000009266500000]
Native frames: (J=compiled Java code, j=interpreted, Vv=VM code, C=native code)
V  [jvm.dll+0x63adaa]
V  [jvm.dll+0x77852f]
V  [jvm.dll+0x779b18]
V  [jvm.dll+0x77a1d3]
V  [jvm.dll+0x2624c8]
V  [jvm.dll+0xc5b61]
V  [jvm.dll+0xc60fc]
V  [jvm.dll+0x36e6d7]
V  [jvm.dll+0x1ad314]
V  [jvm.dll+0x21c472]
V  [jvm.dll+0x21b50a]
V  [jvm.dll+0x198400]
V  [jvm.dll+0x22a4ff]
V  [jvm.dll+0x228b18]
V  [jvm.dll+0x73dc3d]
V  [jvm.dll+0x639e42]
C  [ucrtbase.dll+0x21bb2]
C  [KERNEL32.DLL+0x17034]
C  [ntdll.dll+0x526a1]


---------------  P R O C E S S  ---------------

Threads class SMR info:
_java_thread_list=0x00000228451cf530, length=36, elements={
0x0000022827662000, 0x00000228429b6800, 0x00000228429bf800, 0x0000022842a29000,
0x0000022842a2a800, 0x0000022842a2b800, 0x0000022842a32800, 0x0000022842a33000,
0x000002284214b800, 0x0000022842d4c800, 0x0000022844482800, 0x0000022844477800,
0x0000022844327800, 0x00000228450b4800, 0x0000022844181000, 0x0000022844182000,
0x000002284445f800, 0x0000022844460000, 0x00000228450a1000, 0x0000022845103800,
0x0000022843802800, 0x0000022843803800, 0x0000022843804000, 0x0000022843805000,
0x0000022844e1d800, 0x0000022844e1e000, 0x0000022844e1f000, 0x0000022844e20000,
0x0000022844e20800, 0x0000022844e21800, 0x0000022844e1c000, 0x0000022844e22800,
0x0000022844e1c800, 0x0000022844e26800, 0x0000022844e25800, 0x00000228467aa000
}

Java Threads: ( => current thread )
  0x0000022827662000 JavaThread "main" [_thread_blocked, id=7804, stack(0x0000009265900000,0x0000009265a00000)]
  0x00000228429b6800 JavaThread "Reference Handler" daemon [_thread_blocked, id=18356, stack(0x0000009266000000,0x0000009266100000)]
  0x00000228429bf800 JavaThread "Finalizer" daemon [_thread_blocked, id=18360, stack(0x0000009266100000,0x0000009266200000)]
  0x0000022842a29000 JavaThread "Signal Dispatcher" daemon [_thread_blocked, id=18364, stack(0x0000009266200000,0x0000009266300000)]
  0x0000022842a2a800 JavaThread "Attach Listener" daemon [_thread_blocked, id=18368, stack(0x0000009266300000,0x0000009266400000)]
=>0x0000022842a2b800 JavaThread "C2 CompilerThread0" daemon [_thread_in_native, id=18372, stack(0x0000009266400000,0x0000009266500000)]
  0x0000022842a32800 JavaThread "C1 CompilerThread0" daemon [_thread_blocked, id=18388, stack(0x0000009266500000,0x0000009266600000)]
  0x0000022842a33000 JavaThread "Sweeper thread" daemon [_thread_blocked, id=18336, stack(0x0000009266600000,0x0000009266700000)]
  0x000002284214b800 JavaThread "Common-Cleaner" daemon [_thread_blocked, id=18260, stack(0x0000009266700000,0x0000009266800000)]
  0x0000022842d4c800 JavaThread "Service Thread" daemon [_thread_blocked, id=6556, stack(0x0000009266800000,0x0000009266900000)]
  0x0000022844482800 JavaThread "Daemon health stats" [_thread_blocked, id=4252, stack(0x0000009266e00000,0x0000009266f00000)]
  0x0000022844477800 JavaThread "Incoming local TCP Connector on port 58690" [_thread_in_native, id=12724, stack(0x0000009266d00000,0x0000009266e00000)]
  0x0000022844327800 JavaThread "Daemon periodic checks" [_thread_blocked, id=420, stack(0x0000009266f00000,0x0000009267000000)]
  0x00000228450b4800 JavaThread "Daemon" [_thread_blocked, id=11628, stack(0x0000009267000000,0x0000009267100000)]
  0x0000022844181000 JavaThread "Handler for socket connection from /127.0.0.1:58690 to /127.0.0.1:58691" [_thread_in_native, id=18252, stack(0x0000009267100000,0x0000009267200000)]
  0x0000022844182000 JavaThread "Cancel handler" [_thread_blocked, id=18108, stack(0x0000009267200000,0x0000009267300000)]
  0x000002284445f800 JavaThread "Daemon worker" [_thread_in_Java, id=18288, stack(0x0000009267300000,0x0000009267400000)]
  0x0000022844460000 JavaThread "Asynchronous log dispatcher for DefaultDaemonConnection: socket connection from /127.0.0.1:58690 to /127.0.0.1:58691" [_thread_blocked, id=4448, stack(0x0000009267400000,0x0000009267500000)]
  0x00000228450a1000 JavaThread "Stdin handler" [_thread_blocked, id=18104, stack(0x0000009267500000,0x0000009267600000)]
  0x0000022845103800 JavaThread "Daemon client event forwarder" [_thread_blocked, id=18040, stack(0x0000009267600000,0x0000009267700000)]
  0x0000022843802800 JavaThread "Cache worker for journal cache (C:\Users\94101574\.gradle\caches\journal-1)" [_thread_blocked, id=18376, stack(0x0000009267700000,0x0000009267800000)]
  0x0000022843803800 JavaThread "File lock request listener" [_thread_in_native, id=16484, stack(0x0000009267800000,0x0000009267900000)]
  0x0000022843804000 JavaThread "Cache worker for file hash cache (C:\Users\94101574\.gradle\caches\8.2.1\fileHashes)" [_thread_blocked, id=6584, stack(0x0000009267900000,0x0000009267a00000)]
  0x0000022843805000 JavaThread "File watcher server" daemon [_thread_in_native, id=13416, stack(0x0000009267a00000,0x0000009267b00000)]
  0x0000022844e1d800 JavaThread "File watcher consumer" daemon [_thread_blocked, id=544, stack(0x0000009267b00000,0x0000009267c00000)]
  0x0000022844e1e000 JavaThread "jar transforms" [_thread_blocked, id=13160, stack(0x0000009267d00000,0x0000009267e00000)]
  0x0000022844e1f000 JavaThread "jar transforms Thread 2" [_thread_blocked, id=5800, stack(0x0000009267e00000,0x0000009267f00000)]
  0x0000022844e20000 JavaThread "jar transforms Thread 3" [_thread_blocked, id=17664, stack(0x0000009267f00000,0x0000009268000000)]
  0x0000022844e20800 JavaThread "jar transforms Thread 4" [_thread_blocked, id=18416, stack(0x0000009268000000,0x0000009268100000)]
  0x0000022844e21800 JavaThread "Cache worker for checksums cache (C:\folder\demon\demon\.gradle\8.2.1\checksums)" [_thread_blocked, id=4408, stack(0x0000009267c00000,0x0000009267d00000)]
  0x0000022844e1c000 JavaThread "Cache worker for cache directory md-rule (C:\Users\94101574\.gradle\caches\8.2.1\md-rule)" [_thread_blocked, id=17464, stack(0x0000009268100000,0x0000009268200000)]
  0x0000022844e22800 JavaThread "Cache worker for file content cache (C:\Users\94101574\.gradle\caches\8.2.1\fileContent)" [_thread_blocked, id=17456, stack(0x0000009268200000,0x0000009268300000)]
  0x0000022844e1c800 JavaThread "Cache worker for file hash cache (C:\folder\demon\demon\.gradle\8.2.1\fileHashes)" [_thread_blocked, id=652, stack(0x0000009268400000,0x0000009268500000)]
  0x0000022844e26800 JavaThread "Cache worker for cache directory md-supplier (C:\Users\94101574\.gradle\caches\8.2.1\md-supplier)" [_thread_blocked, id=15380, stack(0x0000009268500000,0x0000009268600000)]
  0x0000022844e25800 JavaThread "Cache worker for execution history cache (C:\Users\94101574\.gradle\caches\8.2.1\executionHistory)" [_thread_blocked, id=452, stack(0x0000009268600000,0x0000009268700000)]
  0x00000228467aa000 JavaThread "C2 CompilerThread1" daemon [_thread_blocked, id=18000, stack(0x0000009268300000,0x0000009268400000)]

Other Threads:
  0x0000022842991000 VMThread "VM Thread" [stack: 0x0000009265f00000,0x0000009266000000] [id=18280]
  0x0000022842d4d800 WatcherThread [stack: 0x0000009266900000,0x0000009266a00000] [id=1144]
  0x0000022827678000 GCTaskThread "GC Thread#0" [stack: 0x0000009265a00000,0x0000009265b00000] [id=17160]
  0x000002284330d000 GCTaskThread "GC Thread#1" [stack: 0x0000009266a00000,0x0000009266b00000] [id=17336]
  0x000002284330d800 GCTaskThread "GC Thread#2" [stack: 0x0000009266b00000,0x0000009266c00000] [id=9660]
  0x000002284330b800 GCTaskThread "GC Thread#3" [stack: 0x0000009266c00000,0x0000009266d00000] [id=4048]
  0x0000022827684000 ConcurrentGCThread "G1 Main Marker" [stack: 0x0000009265b00000,0x0000009265c00000] [id=18324]
  0x0000022827688800 ConcurrentGCThread "G1 Conc#0" [stack: 0x0000009265c00000,0x0000009265d00000] [id=18328]
  0x0000022842021000 ConcurrentGCThread "G1 Refine#0" [stack: 0x0000009265d00000,0x0000009265e00000] [id=18340]
  0x0000022842022000 ConcurrentGCThread "G1 Young RemSet Sampling" [stack: 0x0000009265e00000,0x0000009265f00000] [id=18344]

Threads with active compile tasks:
C2 CompilerThread03939       4       java.lang.ClassLoader::definePackage (84 bytes)

VM state:not at safepoint (normal execution)

VM Mutex/Monitor currently owned by a thread: None

Heap address: 0x00000000e0000000, size: 512 MB, Compressed Oops mode: 32-bit
Narrow klass base: 0x0000000000000000, Narrow klass shift: 3
Compressed class space size: 394264576 Address: 0x0000000100000000

Heap:
 garbage-first heap   total 262144K, used 137705K [0x00000000e0000000, 0x0000000100000000)
  region size 1024K, 103 young (105472K), 8 survivors (8192K)
 Metaspace       used 45531K, capacity 46810K, committed 47056K, reserved 425984K
  class space    used 5906K, capacity 6406K, committed 6528K, reserved 385024K
Heap Regions: E=young(eden), S=young(survivor), O=old, HS=humongous(starts), HC=humongous(continues), CS=collection set, F=free, A=archive, TAMS=top-at-mark-start (previous, next)
|   0|0x00000000e0000000, 0x00000000e0100000, 0x00000000e0100000|100%| O|  |TAMS 0x00000000e0100000, 0x00000000e0000000| Untracked 
|   1|0x00000000e0100000, 0x00000000e0200000, 0x00000000e0200000|100%| O|  |TAMS 0x00000000e0200000, 0x00000000e0100000| Untracked 
|   2|0x00000000e0200000, 0x00000000e0300000, 0x00000000e0300000|100%|HS|  |TAMS 0x00000000e0300000, 0x00000000e0200000| Complete 
|   3|0x00000000e0300000, 0x00000000e0400000, 0x00000000e0400000|100%|HC|  |TAMS 0x00000000e0400000, 0x00000000e0300000| Complete 
|   4|0x00000000e0400000, 0x00000000e0500000, 0x00000000e0500000|100%|HC|  |TAMS 0x00000000e0500000, 0x00000000e0400000| Complete 
|   5|0x00000000e0500000, 0x00000000e0600000, 0x00000000e0600000|100%|HC|  |TAMS 0x00000000e0600000, 0x00000000e0500000| Complete 
|   6|0x00000000e0600000, 0x00000000e0700000, 0x00000000e0700000|100%| O|  |TAMS 0x00000000e0700000, 0x00000000e0600000| Untracked 
|   7|0x00000000e0700000, 0x00000000e0800000, 0x00000000e0800000|100%| O|  |TAMS 0x00000000e0800000, 0x00000000e0700000| Untracked 
|   8|0x00000000e0800000, 0x00000000e0900000, 0x00000000e0900000|100%| O|  |TAMS 0x00000000e0900000, 0x00000000e0800000| Untracked 
|   9|0x00000000e0900000, 0x00000000e0a00000, 0x00000000e0a00000|100%| O|  |TAMS 0x00000000e0a00000, 0x00000000e0900000| Untracked 
|  10|0x00000000e0a00000, 0x00000000e0b00000, 0x00000000e0b00000|100%| O|  |TAMS 0x00000000e0b00000, 0x00000000e0a00000| Untracked 
|  11|0x00000000e0b00000, 0x00000000e0c00000, 0x00000000e0c00000|100%| O|  |TAMS 0x00000000e0c00000, 0x00000000e0b00000| Untracked 
|  12|0x00000000e0c00000, 0x00000000e0d00000, 0x00000000e0d00000|100%| O|  |TAMS 0x00000000e0d00000, 0x00000000e0c00000| Untracked 
|  13|0x00000000e0d00000, 0x00000000e0e00000, 0x00000000e0e00000|100%| O|  |TAMS 0x00000000e0e00000, 0x00000000e0d00000| Untracked 
|  14|0x00000000e0e00000, 0x00000000e0f00000, 0x00000000e0f00000|100%| O|  |TAMS 0x00000000e0f00000, 0x00000000e0e00000| Untracked 
|  15|0x00000000e0f00000, 0x00000000e1000000, 0x00000000e1000000|100%| O|  |TAMS 0x00000000e1000000, 0x00000000e0f00000| Untracked 
|  16|0x00000000e1000000, 0x00000000e1100000, 0x00000000e1100000|100%| O|  |TAMS 0x00000000e1100000, 0x00000000e1000000| Untracked 
|  17|0x00000000e1100000, 0x00000000e11c0600, 0x00000000e1200000| 75%| O|  |TAMS 0x00000000e11c0600, 0x00000000e1100000| Untracked 
|  18|0x00000000e1200000, 0x00000000e1300000, 0x00000000e1300000|100%|HS|  |TAMS 0x00000000e1300000, 0x00000000e1200000| Complete 
|  19|0x00000000e1300000, 0x00000000e1400000, 0x00000000e1400000|100%|HC|  |TAMS 0x00000000e1400000, 0x00000000e1300000| Complete 
|  20|0x00000000e1400000, 0x00000000e1500000, 0x00000000e1500000|100%|HS|  |TAMS 0x00000000e1500000, 0x00000000e1400000| Complete 
|  21|0x00000000e1500000, 0x00000000e1600000, 0x00000000e1600000|100%|HC|  |TAMS 0x00000000e1600000, 0x00000000e1500000| Complete 
|  22|0x00000000e1600000, 0x00000000e1700000, 0x00000000e1700000|100%|HC|  |TAMS 0x00000000e1700000, 0x00000000e1600000| Complete 
|  23|0x00000000e1700000, 0x00000000e1800000, 0x00000000e1800000|100%|HS|  |TAMS 0x00000000e1800000, 0x00000000e1700000| Complete 
|  24|0x00000000e1800000, 0x00000000e1900000, 0x00000000e1900000|100%|HC|  |TAMS 0x00000000e1900000, 0x00000000e1800000| Complete 
|  25|0x00000000e1900000, 0x00000000e1a00000, 0x00000000e1a00000|100%|HC|  |TAMS 0x00000000e1a00000, 0x00000000e1900000| Complete 
|  26|0x00000000e1a00000, 0x00000000e1b00000, 0x00000000e1b00000|100%|HS|  |TAMS 0x00000000e1b00000, 0x00000000e1a00000| Complete 
|  27|0x00000000e1b00000, 0x00000000e1c00000, 0x00000000e1c00000|100%|HC|  |TAMS 0x00000000e1c00000, 0x00000000e1b00000| Complete 
|  28|0x00000000e1c00000, 0x00000000e1d00000, 0x00000000e1d00000|100%|HC|  |TAMS 0x00000000e1d00000, 0x00000000e1c00000| Complete 
|  29|0x00000000e1d00000, 0x00000000e1e00000, 0x00000000e1e00000|100%|HS|  |TAMS 0x00000000e1d00000, 0x00000000e1d00000| Complete 
|  30|0x00000000e1e00000, 0x00000000e1f00000, 0x00000000e1f00000|100%|HS|  |TAMS 0x00000000e1e00000, 0x00000000e1e00000| Complete 
|  31|0x00000000e1f00000, 0x00000000e2000000, 0x00000000e2000000|100%|HC|  |TAMS 0x00000000e1f00000, 0x00000000e1f00000| Complete 
|  32|0x00000000e2000000, 0x00000000e2100000, 0x00000000e2100000|100%|HS|  |TAMS 0x00000000e2000000, 0x00000000e2000000| Complete 
|  33|0x00000000e2100000, 0x00000000e2200000, 0x00000000e2200000|100%|HC|  |TAMS 0x00000000e2100000, 0x00000000e2100000| Complete 
|  34|0x00000000e2200000, 0x00000000e2200000, 0x00000000e2300000|  0%| F|  |TAMS 0x00000000e2200000, 0x00000000e2200000| Untracked 
|  35|0x00000000e2300000, 0x00000000e2300000, 0x00000000e2400000|  0%| F|  |TAMS 0x00000000e2300000, 0x00000000e2300000| Untracked 
|  36|0x00000000e2400000, 0x00000000e2400000, 0x00000000e2500000|  0%| F|  |TAMS 0x00000000e2400000, 0x00000000e2400000| Untracked 
|  37|0x00000000e2500000, 0x00000000e2500000, 0x00000000e2600000|  0%| F|  |TAMS 0x00000000e2500000, 0x00000000e2500000| Untracked 
|  38|0x00000000e2600000, 0x00000000e2600000, 0x00000000e2700000|  0%| F|  |TAMS 0x00000000e2600000, 0x00000000e2600000| Untracked 
|  39|0x00000000e2700000, 0x00000000e2700000, 0x00000000e2800000|  0%| F|  |TAMS 0x00000000e2700000, 0x00000000e2700000| Untracked 
|  40|0x00000000e2800000, 0x00000000e2800000, 0x00000000e2900000|  0%| F|  |TAMS 0x00000000e2800000, 0x00000000e2800000| Untracked 
|  41|0x00000000e2900000, 0x00000000e2900000, 0x00000000e2a00000|  0%| F|  |TAMS 0x00000000e2900000, 0x00000000e2900000| Untracked 
|  42|0x00000000e2a00000, 0x00000000e2a00000, 0x00000000e2b00000|  0%| F|  |TAMS 0x00000000e2a00000, 0x00000000e2a00000| Untracked 
|  43|0x00000000e2b00000, 0x00000000e2b00000, 0x00000000e2c00000|  0%| F|  |TAMS 0x00000000e2b00000, 0x00000000e2b00000| Untracked 
|  44|0x00000000e2c00000, 0x00000000e2c00000, 0x00000000e2d00000|  0%| F|  |TAMS 0x00000000e2c00000, 0x00000000e2c00000| Untracked 
|  45|0x00000000e2d00000, 0x00000000e2d00000, 0x00000000e2e00000|  0%| F|  |TAMS 0x00000000e2d00000, 0x00000000e2d00000| Untracked 
|  46|0x00000000e2e00000, 0x00000000e2e00000, 0x00000000e2f00000|  0%| F|  |TAMS 0x00000000e2e00000, 0x00000000e2e00000| Untracked 
|  47|0x00000000e2f00000, 0x00000000e2f00000, 0x00000000e3000000|  0%| F|  |TAMS 0x00000000e2f00000, 0x00000000e2f00000| Untracked 
|  48|0x00000000e3000000, 0x00000000e3000000, 0x00000000e3100000|  0%| F|  |TAMS 0x00000000e3000000, 0x00000000e3000000| Untracked 
|  49|0x00000000e3100000, 0x00000000e3100000, 0x00000000e3200000|  0%| F|  |TAMS 0x00000000e3100000, 0x00000000e3100000| Untracked 
|  50|0x00000000e3200000, 0x00000000e3200000, 0x00000000e3300000|  0%| F|  |TAMS 0x00000000e3200000, 0x00000000e3200000| Untracked 
|  51|0x00000000e3300000, 0x00000000e3300000, 0x00000000e3400000|  0%| F|  |TAMS 0x00000000e3300000, 0x00000000e3300000| Untracked 
|  52|0x00000000e3400000, 0x00000000e3400000, 0x00000000e3500000|  0%| F|  |TAMS 0x00000000e3400000, 0x00000000e3400000| Untracked 
|  53|0x00000000e3500000, 0x00000000e3500000, 0x00000000e3600000|  0%| F|  |TAMS 0x00000000e3500000, 0x00000000e3500000| Untracked 
|  54|0x00000000e3600000, 0x00000000e3600000, 0x00000000e3700000|  0%| F|  |TAMS 0x00000000e3600000, 0x00000000e3600000| Untracked 
|  55|0x00000000e3700000, 0x00000000e3700000, 0x00000000e3800000|  0%| F|  |TAMS 0x00000000e3700000, 0x00000000e3700000| Untracked 
|  56|0x00000000e3800000, 0x00000000e3800000, 0x00000000e3900000|  0%| F|  |TAMS 0x00000000e3800000, 0x00000000e3800000| Untracked 
|  57|0x00000000e3900000, 0x00000000e3900000, 0x00000000e3a00000|  0%| F|  |TAMS 0x00000000e3900000, 0x00000000e3900000| Untracked 
|  58|0x00000000e3a00000, 0x00000000e3a00000, 0x00000000e3b00000|  0%| F|  |TAMS 0x00000000e3a00000, 0x00000000e3a00000| Untracked 
|  59|0x00000000e3b00000, 0x00000000e3b00000, 0x00000000e3c00000|  0%| F|  |TAMS 0x00000000e3b00000, 0x00000000e3b00000| Untracked 
|  60|0x00000000e3c00000, 0x00000000e3c00000, 0x00000000e3d00000|  0%| F|  |TAMS 0x00000000e3c00000, 0x00000000e3c00000| Untracked 
|  61|0x00000000e3d00000, 0x00000000e3d00000, 0x00000000e3e00000|  0%| F|  |TAMS 0x00000000e3d00000, 0x00000000e3d00000| Untracked 
|  62|0x00000000e3e00000, 0x00000000e3e00000, 0x00000000e3f00000|  0%| F|  |TAMS 0x00000000e3e00000, 0x00000000e3e00000| Untracked 
|  63|0x00000000e3f00000, 0x00000000e3f00000, 0x00000000e4000000|  0%| F|  |TAMS 0x00000000e3f00000, 0x00000000e3f00000| Untracked 
|  64|0x00000000e4000000, 0x00000000e4000000, 0x00000000e4100000|  0%| F|  |TAMS 0x00000000e4000000, 0x00000000e4000000| Untracked 
|  65|0x00000000e4100000, 0x00000000e4100000, 0x00000000e4200000|  0%| F|  |TAMS 0x00000000e4100000, 0x00000000e4100000| Untracked 
|  66|0x00000000e4200000, 0x00000000e4200000, 0x00000000e4300000|  0%| F|  |TAMS 0x00000000e4200000, 0x00000000e4200000| Untracked 
|  67|0x00000000e4300000, 0x00000000e4300000, 0x00000000e4400000|  0%| F|  |TAMS 0x00000000e4300000, 0x00000000e4300000| Untracked 
|  68|0x00000000e4400000, 0x00000000e4400000, 0x00000000e4500000|  0%| F|  |TAMS 0x00000000e4400000, 0x00000000e4400000| Untracked 
|  69|0x00000000e4500000, 0x00000000e4500000, 0x00000000e4600000|  0%| F|  |TAMS 0x00000000e4500000, 0x00000000e4500000| Untracked 
|  70|0x00000000e4600000, 0x00000000e4600000, 0x00000000e4700000|  0%| F|  |TAMS 0x00000000e4600000, 0x00000000e4600000| Untracked 
|  71|0x00000000e4700000, 0x00000000e4700000, 0x00000000e4800000|  0%| F|  |TAMS 0x00000000e4700000, 0x00000000e4700000| Untracked 
|  72|0x00000000e4800000, 0x00000000e4800000, 0x00000000e4900000|  0%| F|  |TAMS 0x00000000e4800000, 0x00000000e4800000| Untracked 
|  73|0x00000000e4900000, 0x00000000e4900000, 0x00000000e4a00000|  0%| F|  |TAMS 0x00000000e4900000, 0x00000000e4900000| Untracked 
|  74|0x00000000e4a00000, 0x00000000e4a00000, 0x00000000e4b00000|  0%| F|  |TAMS 0x00000000e4a00000, 0x00000000e4a00000| Untracked 
|  75|0x00000000e4b00000, 0x00000000e4b00000, 0x00000000e4c00000|  0%| F|  |TAMS 0x00000000e4b00000, 0x00000000e4b00000| Untracked 
|  76|0x00000000e4c00000, 0x00000000e4c00000, 0x00000000e4d00000|  0%| F|  |TAMS 0x00000000e4c00000, 0x00000000e4c00000| Untracked 
|  77|0x00000000e4d00000, 0x00000000e4d00000, 0x00000000e4e00000|  0%| F|  |TAMS 0x00000000e4d00000, 0x00000000e4d00000| Untracked 
|  78|0x00000000e4e00000, 0x00000000e4e00000, 0x00000000e4f00000|  0%| F|  |TAMS 0x00000000e4e00000, 0x00000000e4e00000| Untracked 
|  79|0x00000000e4f00000, 0x00000000e4f00000, 0x00000000e5000000|  0%| F|  |TAMS 0x00000000e4f00000, 0x00000000e4f00000| Untracked 
|  80|0x00000000e5000000, 0x00000000e5000000, 0x00000000e5100000|  0%| F|  |TAMS 0x00000000e5000000, 0x00000000e5000000| Untracked 
|  81|0x00000000e5100000, 0x00000000e5100000, 0x00000000e5200000|  0%| F|  |TAMS 0x00000000e5100000, 0x00000000e5100000| Untracked 
|  82|0x00000000e5200000, 0x00000000e5200000, 0x00000000e5300000|  0%| F|  |TAMS 0x00000000e5200000, 0x00000000e5200000| Untracked 
|  83|0x00000000e5300000, 0x00000000e5300000, 0x00000000e5400000|  0%| F|  |TAMS 0x00000000e5300000, 0x00000000e5300000| Untracked 
|  84|0x00000000e5400000, 0x00000000e5400000, 0x00000000e5500000|  0%| F|  |TAMS 0x00000000e5400000, 0x00000000e5400000| Untracked 
|  85|0x00000000e5500000, 0x00000000e5500000, 0x00000000e5600000|  0%| F|  |TAMS 0x00000000e5500000, 0x00000000e5500000| Untracked 
|  86|0x00000000e5600000, 0x00000000e5600000, 0x00000000e5700000|  0%| F|  |TAMS 0x00000000e5600000, 0x00000000e5600000| Untracked 
|  87|0x00000000e5700000, 0x00000000e5700000, 0x00000000e5800000|  0%| F|  |TAMS 0x00000000e5700000, 0x00000000e5700000| Untracked 
|  88|0x00000000e5800000, 0x00000000e5800000, 0x00000000e5900000|  0%| F|  |TAMS 0x00000000e5800000, 0x00000000e5800000| Untracked 
|  89|0x00000000e5900000, 0x00000000e5900000, 0x00000000e5a00000|  0%| F|  |TAMS 0x00000000e5900000, 0x00000000e5900000| Untracked 
|  90|0x00000000e5a00000, 0x00000000e5a00000, 0x00000000e5b00000|  0%| F|  |TAMS 0x00000000e5a00000, 0x00000000e5a00000| Untracked 
|  91|0x00000000e5b00000, 0x00000000e5b00000, 0x00000000e5c00000|  0%| F|  |TAMS 0x00000000e5b00000, 0x00000000e5b00000| Untracked 
|  92|0x00000000e5c00000, 0x00000000e5c00000, 0x00000000e5d00000|  0%| F|  |TAMS 0x00000000e5c00000, 0x00000000e5c00000| Untracked 
|  93|0x00000000e5d00000, 0x00000000e5d00000, 0x00000000e5e00000|  0%| F|  |TAMS 0x00000000e5d00000, 0x00000000e5d00000| Untracked 
|  94|0x00000000e5e00000, 0x00000000e5e00000, 0x00000000e5f00000|  0%| F|  |TAMS 0x00000000e5e00000, 0x00000000e5e00000| Untracked 
|  95|0x00000000e5f00000, 0x00000000e5f00000, 0x00000000e6000000|  0%| F|  |TAMS 0x00000000e5f00000, 0x00000000e5f00000| Untracked 
|  96|0x00000000e6000000, 0x00000000e6000000, 0x00000000e6100000|  0%| F|  |TAMS 0x00000000e6000000, 0x00000000e6000000| Untracked 
|  97|0x00000000e6100000, 0x00000000e6100000, 0x00000000e6200000|  0%| F|  |TAMS 0x00000000e6100000, 0x00000000e6100000| Untracked 
|  98|0x00000000e6200000, 0x00000000e6200000, 0x00000000e6300000|  0%| F|  |TAMS 0x00000000e6200000, 0x00000000e6200000| Untracked 
|  99|0x00000000e6300000, 0x00000000e6300000, 0x00000000e6400000|  0%| F|  |TAMS 0x00000000e6300000, 0x00000000e6300000| Untracked 
| 100|0x00000000e6400000, 0x00000000e6400000, 0x00000000e6500000|  0%| F|  |TAMS 0x00000000e6400000, 0x00000000e6400000| Untracked 
| 101|0x00000000e6500000, 0x00000000e6500000, 0x00000000e6600000|  0%| F|  |TAMS 0x00000000e6500000, 0x00000000e6500000| Untracked 
| 102|0x00000000e6600000, 0x00000000e6600000, 0x00000000e6700000|  0%| F|  |TAMS 0x00000000e6600000, 0x00000000e6600000| Untracked 
| 103|0x00000000e6700000, 0x00000000e6700000, 0x00000000e6800000|  0%| F|  |TAMS 0x00000000e6700000, 0x00000000e6700000| Untracked 
| 104|0x00000000e6800000, 0x00000000e6800000, 0x00000000e6900000|  0%| F|  |TAMS 0x00000000e6800000, 0x00000000e6800000| Untracked 
| 105|0x00000000e6900000, 0x00000000e6900000, 0x00000000e6a00000|  0%| F|  |TAMS 0x00000000e6900000, 0x00000000e6900000| Untracked 
| 106|0x00000000e6a00000, 0x00000000e6a00000, 0x00000000e6b00000|  0%| F|  |TAMS 0x00000000e6a00000, 0x00000000e6a00000| Untracked 
| 107|0x00000000e6b00000, 0x00000000e6b00000, 0x00000000e6c00000|  0%| F|  |TAMS 0x00000000e6b00000, 0x00000000e6b00000| Untracked 
| 108|0x00000000e6c00000, 0x00000000e6c00000, 0x00000000e6d00000|  0%| F|  |TAMS 0x00000000e6c00000, 0x00000000e6c00000| Untracked 
| 109|0x00000000e6d00000, 0x00000000e6d00000, 0x00000000e6e00000|  0%| F|  |TAMS 0x00000000e6d00000, 0x00000000e6d00000| Untracked 
| 110|0x00000000e6e00000, 0x00000000e6e00000, 0x00000000e6f00000|  0%| F|  |TAMS 0x00000000e6e00000, 0x00000000e6e00000| Untracked 
| 111|0x00000000e6f00000, 0x00000000e6f00000, 0x00000000e7000000|  0%| F|  |TAMS 0x00000000e6f00000, 0x00000000e6f00000| Untracked 
| 112|0x00000000e7000000, 0x00000000e7000000, 0x00000000e7100000|  0%| F|  |TAMS 0x00000000e7000000, 0x00000000e7000000| Untracked 
| 113|0x00000000e7100000, 0x00000000e7100000, 0x00000000e7200000|  0%| F|  |TAMS 0x00000000e7100000, 0x00000000e7100000| Untracked 
| 114|0x00000000e7200000, 0x00000000e7200000, 0x00000000e7300000|  0%| F|  |TAMS 0x00000000e7200000, 0x00000000e7200000| Untracked 
| 115|0x00000000e7300000, 0x00000000e7300000, 0x00000000e7400000|  0%| F|  |TAMS 0x00000000e7300000, 0x00000000e7300000| Untracked 
| 116|0x00000000e7400000, 0x00000000e7400000, 0x00000000e7500000|  0%| F|  |TAMS 0x00000000e7400000, 0x00000000e7400000| Untracked 
| 117|0x00000000e7500000, 0x00000000e7500000, 0x00000000e7600000|  0%| F|  |TAMS 0x00000000e7500000, 0x00000000e7500000| Untracked 
| 118|0x00000000e7600000, 0x00000000e7600000, 0x00000000e7700000|  0%| F|  |TAMS 0x00000000e7600000, 0x00000000e7600000| Untracked 
| 119|0x00000000e7700000, 0x00000000e7700000, 0x00000000e7800000|  0%| F|  |TAMS 0x00000000e7700000, 0x00000000e7700000| Untracked 
| 120|0x00000000e7800000, 0x00000000e7800000, 0x00000000e7900000|  0%| F|  |TAMS 0x00000000e7800000, 0x00000000e7800000| Untracked 
| 121|0x00000000e7900000, 0x00000000e7900000, 0x00000000e7a00000|  0%| F|  |TAMS 0x00000000e7900000, 0x00000000e7900000| Untracked 
| 122|0x00000000e7a00000, 0x00000000e7a00000, 0x00000000e7b00000|  0%| F|  |TAMS 0x00000000e7a00000, 0x00000000e7a00000| Untracked 
| 123|0x00000000e7b00000, 0x00000000e7b00000, 0x00000000e7c00000|  0%| F|  |TAMS 0x00000000e7b00000, 0x00000000e7b00000| Untracked 
| 124|0x00000000e7c00000, 0x00000000e7c00000, 0x00000000e7d00000|  0%| F|  |TAMS 0x00000000e7c00000, 0x00000000e7c00000| Untracked 
| 125|0x00000000e7d00000, 0x00000000e7d00000, 0x00000000e7e00000|  0%| F|  |TAMS 0x00000000e7d00000, 0x00000000e7d00000| Untracked 
| 126|0x00000000e7e00000, 0x00000000e7e00000, 0x00000000e7f00000|  0%| F|  |TAMS 0x00000000e7e00000, 0x00000000e7e00000| Untracked 
| 127|0x00000000e7f00000, 0x00000000e7f00000, 0x00000000e8000000|  0%| F|  |TAMS 0x00000000e7f00000, 0x00000000e7f00000| Untracked 
| 128|0x00000000e8000000, 0x00000000e8000000, 0x00000000e8100000|  0%| F|  |TAMS 0x00000000e8000000, 0x00000000e8000000| Untracked 
| 129|0x00000000e8100000, 0x00000000e8100000, 0x00000000e8200000|  0%| F|  |TAMS 0x00000000e8100000, 0x00000000e8100000| Untracked 
| 130|0x00000000e8200000, 0x00000000e8200000, 0x00000000e8300000|  0%| F|  |TAMS 0x00000000e8200000, 0x00000000e8200000| Untracked 
| 131|0x00000000e8300000, 0x00000000e8300000, 0x00000000e8400000|  0%| F|  |TAMS 0x00000000e8300000, 0x00000000e8300000| Untracked 
| 132|0x00000000e8400000, 0x00000000e8400000, 0x00000000e8500000|  0%| F|  |TAMS 0x00000000e8400000, 0x00000000e8400000| Untracked 
| 133|0x00000000e8500000, 0x00000000e8500000, 0x00000000e8600000|  0%| F|  |TAMS 0x00000000e8500000, 0x00000000e8500000| Untracked 
| 134|0x00000000e8600000, 0x00000000e8600000, 0x00000000e8700000|  0%| F|  |TAMS 0x00000000e8600000, 0x00000000e8600000| Untracked 
| 135|0x00000000e8700000, 0x00000000e8700000, 0x00000000e8800000|  0%| F|  |TAMS 0x00000000e8700000, 0x00000000e8700000| Untracked 
| 136|0x00000000e8800000, 0x00000000e8800000, 0x00000000e8900000|  0%| F|  |TAMS 0x00000000e8800000, 0x00000000e8800000| Untracked 
| 137|0x00000000e8900000, 0x00000000e8900000, 0x00000000e8a00000|  0%| F|  |TAMS 0x00000000e8900000, 0x00000000e8900000| Untracked 
| 138|0x00000000e8a00000, 0x00000000e8a00000, 0x00000000e8b00000|  0%| F|  |TAMS 0x00000000e8a00000, 0x00000000e8a00000| Untracked 
| 139|0x00000000e8b00000, 0x00000000e8b00000, 0x00000000e8c00000|  0%| F|  |TAMS 0x00000000e8b00000, 0x00000000e8b00000| Untracked 
| 140|0x00000000e8c00000, 0x00000000e8c00000, 0x00000000e8d00000|  0%| F|  |TAMS 0x00000000e8c00000, 0x00000000e8c00000| Untracked 
| 141|0x00000000e8d00000, 0x00000000e8d00000, 0x00000000e8e00000|  0%| F|  |TAMS 0x00000000e8d00000, 0x00000000e8d00000| Untracked 
| 142|0x00000000e8e00000, 0x00000000e8e00000, 0x00000000e8f00000|  0%| F|  |TAMS 0x00000000e8e00000, 0x00000000e8e00000| Untracked 
| 143|0x00000000e8f00000, 0x00000000e8f00000, 0x00000000e9000000|  0%| F|  |TAMS 0x00000000e8f00000, 0x00000000e8f00000| Untracked 
| 144|0x00000000e9000000, 0x00000000e9000000, 0x00000000e9100000|  0%| F|  |TAMS 0x00000000e9000000, 0x00000000e9000000| Untracked 
| 145|0x00000000e9100000, 0x00000000e9100000, 0x00000000e9200000|  0%| F|  |TAMS 0x00000000e9100000, 0x00000000e9100000| Untracked 
| 146|0x00000000e9200000, 0x00000000e9200000, 0x00000000e9300000|  0%| F|  |TAMS 0x00000000e9200000, 0x00000000e9200000| Untracked 
| 147|0x00000000e9300000, 0x00000000e9300000, 0x00000000e9400000|  0%| F|  |TAMS 0x00000000e9300000, 0x00000000e9300000| Untracked 
| 148|0x00000000e9400000, 0x00000000e9400000, 0x00000000e9500000|  0%| F|  |TAMS 0x00000000e9400000, 0x00000000e9400000| Untracked 
| 149|0x00000000e9500000, 0x00000000e9500000, 0x00000000e9600000|  0%| F|  |TAMS 0x00000000e9500000, 0x00000000e9500000| Untracked 
| 150|0x00000000e9600000, 0x00000000e9600000, 0x00000000e9700000|  0%| F|  |TAMS 0x00000000e9600000, 0x00000000e9600000| Untracked 
| 151|0x00000000e9700000, 0x00000000e9700000, 0x00000000e9800000|  0%| F|  |TAMS 0x00000000e9700000, 0x00000000e9700000| Untracked 
| 152|0x00000000e9800000, 0x00000000e9800800, 0x00000000e9900000|  0%| E|  |TAMS 0x00000000e9800000, 0x00000000e9800000| Complete 
| 153|0x00000000e9900000, 0x00000000e9a00000, 0x00000000e9a00000|100%| E|CS|TAMS 0x00000000e9900000, 0x00000000e9900000| Complete 
| 154|0x00000000e9a00000, 0x00000000e9b00000, 0x00000000e9b00000|100%| E|CS|TAMS 0x00000000e9a00000, 0x00000000e9a00000| Complete 
| 155|0x00000000e9b00000, 0x00000000e9c00000, 0x00000000e9c00000|100%| E|CS|TAMS 0x00000000e9b00000, 0x00000000e9b00000| Complete 
| 156|0x00000000e9c00000, 0x00000000e9d00000, 0x00000000e9d00000|100%| E|CS|TAMS 0x00000000e9c00000, 0x00000000e9c00000| Complete 
| 157|0x00000000e9d00000, 0x00000000e9e00000, 0x00000000e9e00000|100%| E|CS|TAMS 0x00000000e9d00000, 0x00000000e9d00000| Complete 
| 158|0x00000000e9e00000, 0x00000000e9f00000, 0x00000000e9f00000|100%| E|CS|TAMS 0x00000000e9e00000, 0x00000000e9e00000| Complete 
| 159|0x00000000e9f00000, 0x00000000ea000000, 0x00000000ea000000|100%| E|CS|TAMS 0x00000000e9f00000, 0x00000000e9f00000| Complete 
| 160|0x00000000ea000000, 0x00000000ea100000, 0x00000000ea100000|100%| E|CS|TAMS 0x00000000ea000000, 0x00000000ea000000| Complete 
| 161|0x00000000ea100000, 0x00000000ea200000, 0x00000000ea200000|100%| E|CS|TAMS 0x00000000ea100000, 0x00000000ea100000| Complete 
| 162|0x00000000ea200000, 0x00000000ea300000, 0x00000000ea300000|100%| E|CS|TAMS 0x00000000ea200000, 0x00000000ea200000| Complete 
| 163|0x00000000ea300000, 0x00000000ea400000, 0x00000000ea400000|100%| E|CS|TAMS 0x00000000ea300000, 0x00000000ea300000| Complete 
| 164|0x00000000ea400000, 0x00000000ea500000, 0x00000000ea500000|100%| E|CS|TAMS 0x00000000ea400000, 0x00000000ea400000| Complete 
| 165|0x00000000ea500000, 0x00000000ea600000, 0x00000000ea600000|100%| E|CS|TAMS 0x00000000ea500000, 0x00000000ea500000| Complete 
| 166|0x00000000ea600000, 0x00000000ea700000, 0x00000000ea700000|100%| E|CS|TAMS 0x00000000ea600000, 0x00000000ea600000| Complete 
| 167|0x00000000ea700000, 0x00000000ea800000, 0x00000000ea800000|100%| E|CS|TAMS 0x00000000ea700000, 0x00000000ea700000| Complete 
| 168|0x00000000ea800000, 0x00000000ea900000, 0x00000000ea900000|100%| E|CS|TAMS 0x00000000ea800000, 0x00000000ea800000| Complete 
| 169|0x00000000ea900000, 0x00000000eaa00000, 0x00000000eaa00000|100%| E|CS|TAMS 0x00000000ea900000, 0x00000000ea900000| Complete 
| 170|0x00000000eaa00000, 0x00000000eab00000, 0x00000000eab00000|100%| E|CS|TAMS 0x00000000eaa00000, 0x00000000eaa00000| Complete 
| 171|0x00000000eab00000, 0x00000000eac00000, 0x00000000eac00000|100%| E|CS|TAMS 0x00000000eab00000, 0x00000000eab00000| Complete 
| 172|0x00000000eac00000, 0x00000000ead00000, 0x00000000ead00000|100%| E|CS|TAMS 0x00000000eac00000, 0x00000000eac00000| Complete 
| 173|0x00000000ead00000, 0x00000000eae00000, 0x00000000eae00000|100%| E|CS|TAMS 0x00000000ead00000, 0x00000000ead00000| Complete 
| 174|0x00000000eae00000, 0x00000000eaf00000, 0x00000000eaf00000|100%| E|CS|TAMS 0x00000000eae00000, 0x00000000eae00000| Complete 
| 175|0x00000000eaf00000, 0x00000000eb000000, 0x00000000eb000000|100%| E|CS|TAMS 0x00000000eaf00000, 0x00000000eaf00000| Complete 
| 176|0x00000000eb000000, 0x00000000eb100000, 0x00000000eb100000|100%| E|CS|TAMS 0x00000000eb000000, 0x00000000eb000000| Complete 
| 177|0x00000000eb100000, 0x00000000eb200000, 0x00000000eb200000|100%| E|CS|TAMS 0x00000000eb100000, 0x00000000eb100000| Complete 
| 178|0x00000000eb200000, 0x00000000eb300000, 0x00000000eb300000|100%| E|CS|TAMS 0x00000000eb200000, 0x00000000eb200000| Complete 
| 179|0x00000000eb300000, 0x00000000eb400000, 0x00000000eb400000|100%| E|CS|TAMS 0x00000000eb300000, 0x00000000eb300000| Complete 
| 180|0x00000000eb400000, 0x00000000eb500000, 0x00000000eb500000|100%| E|CS|TAMS 0x00000000eb400000, 0x00000000eb400000| Complete 
| 181|0x00000000eb500000, 0x00000000eb600000, 0x00000000eb600000|100%| E|CS|TAMS 0x00000000eb500000, 0x00000000eb500000| Complete 
| 182|0x00000000eb600000, 0x00000000eb700000, 0x00000000eb700000|100%| E|CS|TAMS 0x00000000eb600000, 0x00000000eb600000| Complete 
| 183|0x00000000eb700000, 0x00000000eb800000, 0x00000000eb800000|100%| E|CS|TAMS 0x00000000eb700000, 0x00000000eb700000| Complete 
| 184|0x00000000eb800000, 0x00000000eb900000, 0x00000000eb900000|100%| E|CS|TAMS 0x00000000eb800000, 0x00000000eb800000| Complete 
| 185|0x00000000eb900000, 0x00000000eba00000, 0x00000000eba00000|100%| E|CS|TAMS 0x00000000eb900000, 0x00000000eb900000| Complete 
| 186|0x00000000eba00000, 0x00000000ebb00000, 0x00000000ebb00000|100%| E|CS|TAMS 0x00000000eba00000, 0x00000000eba00000| Complete 
| 187|0x00000000ebb00000, 0x00000000ebc00000, 0x00000000ebc00000|100%| E|CS|TAMS 0x00000000ebb00000, 0x00000000ebb00000| Complete 
| 188|0x00000000ebc00000, 0x00000000ebd00000, 0x00000000ebd00000|100%| E|CS|TAMS 0x00000000ebc00000, 0x00000000ebc00000| Complete 
| 189|0x00000000ebd00000, 0x00000000ebe00000, 0x00000000ebe00000|100%| E|CS|TAMS 0x00000000ebd00000, 0x00000000ebd00000| Complete 
| 190|0x00000000ebe00000, 0x00000000ebf00000, 0x00000000ebf00000|100%| E|CS|TAMS 0x00000000ebe00000, 0x00000000ebe00000| Complete 
| 191|0x00000000ebf00000, 0x00000000ec000000, 0x00000000ec000000|100%| E|CS|TAMS 0x00000000ebf00000, 0x00000000ebf00000| Complete 
| 192|0x00000000ec000000, 0x00000000ec100000, 0x00000000ec100000|100%| E|  |TAMS 0x00000000ec000000, 0x00000000ec000000| Complete 
| 193|0x00000000ec100000, 0x00000000ec200000, 0x00000000ec200000|100%| E|CS|TAMS 0x00000000ec100000, 0x00000000ec100000| Complete 
| 194|0x00000000ec200000, 0x00000000ec300000, 0x00000000ec300000|100%| E|CS|TAMS 0x00000000ec200000, 0x00000000ec200000| Complete 
| 195|0x00000000ec300000, 0x00000000ec400000, 0x00000000ec400000|100%| E|CS|TAMS 0x00000000ec300000, 0x00000000ec300000| Complete 
| 196|0x00000000ec400000, 0x00000000ec500000, 0x00000000ec500000|100%| E|CS|TAMS 0x00000000ec400000, 0x00000000ec400000| Complete 
| 197|0x00000000ec500000, 0x00000000ec600000, 0x00000000ec600000|100%| E|CS|TAMS 0x00000000ec500000, 0x00000000ec500000| Complete 
| 198|0x00000000ec600000, 0x00000000ec700000, 0x00000000ec700000|100%| E|CS|TAMS 0x00000000ec600000, 0x00000000ec600000| Complete 
| 199|0x00000000ec700000, 0x00000000ec800000, 0x00000000ec800000|100%| E|CS|TAMS 0x00000000ec700000, 0x00000000ec700000| Complete 
| 200|0x00000000ec800000, 0x00000000ec900000, 0x00000000ec900000|100%| E|CS|TAMS 0x00000000ec800000, 0x00000000ec800000| Complete 
| 201|0x00000000ec900000, 0x00000000eca00000, 0x00000000eca00000|100%| E|CS|TAMS 0x00000000ec900000, 0x00000000ec900000| Complete 
| 202|0x00000000eca00000, 0x00000000ecb00000, 0x00000000ecb00000|100%| E|CS|TAMS 0x00000000eca00000, 0x00000000eca00000| Complete 
| 203|0x00000000ecb00000, 0x00000000ecc00000, 0x00000000ecc00000|100%| E|CS|TAMS 0x00000000ecb00000, 0x00000000ecb00000| Complete 
| 204|0x00000000ecc00000, 0x00000000ecd00000, 0x00000000ecd00000|100%| E|CS|TAMS 0x00000000ecc00000, 0x00000000ecc00000| Complete 
| 205|0x00000000ecd00000, 0x00000000ece00000, 0x00000000ece00000|100%| E|CS|TAMS 0x00000000ecd00000, 0x00000000ecd00000| Complete 
| 206|0x00000000ece00000, 0x00000000ecf00000, 0x00000000ecf00000|100%| E|CS|TAMS 0x00000000ece00000, 0x00000000ece00000| Complete 
| 207|0x00000000ecf00000, 0x00000000ed000000, 0x00000000ed000000|100%| E|CS|TAMS 0x00000000ecf00000, 0x00000000ecf00000| Complete 
| 208|0x00000000ed000000, 0x00000000ed100000, 0x00000000ed100000|100%| E|CS|TAMS 0x00000000ed000000, 0x00000000ed000000| Complete 
| 209|0x00000000ed100000, 0x00000000ed200000, 0x00000000ed200000|100%| E|CS|TAMS 0x00000000ed100000, 0x00000000ed100000| Complete 
| 210|0x00000000ed200000, 0x00000000ed300000, 0x00000000ed300000|100%| E|CS|TAMS 0x00000000ed200000, 0x00000000ed200000| Complete 
| 211|0x00000000ed300000, 0x00000000ed400000, 0x00000000ed400000|100%| E|CS|TAMS 0x00000000ed300000, 0x00000000ed300000| Complete 
| 212|0x00000000ed400000, 0x00000000ed500000, 0x00000000ed500000|100%| E|CS|TAMS 0x00000000ed400000, 0x00000000ed400000| Complete 
| 213|0x00000000ed500000, 0x00000000ed600000, 0x00000000ed600000|100%| E|CS|TAMS 0x00000000ed500000, 0x00000000ed500000| Complete 
| 214|0x00000000ed600000, 0x00000000ed700000, 0x00000000ed700000|100%| E|CS|TAMS 0x00000000ed600000, 0x00000000ed600000| Complete 
| 215|0x00000000ed700000, 0x00000000ed800000, 0x00000000ed800000|100%| E|CS|TAMS 0x00000000ed700000, 0x00000000ed700000| Complete 
| 216|0x00000000ed800000, 0x00000000ed900000, 0x00000000ed900000|100%| E|CS|TAMS 0x00000000ed800000, 0x00000000ed800000| Complete 
| 217|0x00000000ed900000, 0x00000000eda00000, 0x00000000eda00000|100%| E|CS|TAMS 0x00000000ed900000, 0x00000000ed900000| Complete 
| 218|0x00000000eda00000, 0x00000000edb00000, 0x00000000edb00000|100%| E|CS|TAMS 0x00000000eda00000, 0x00000000eda00000| Complete 
| 219|0x00000000edb00000, 0x00000000edbba160, 0x00000000edc00000| 72%| S|CS|TAMS 0x00000000edb00000, 0x00000000edb00000| Complete 
| 220|0x00000000edc00000, 0x00000000edd00000, 0x00000000edd00000|100%| S|CS|TAMS 0x00000000edc00000, 0x00000000edc00000| Complete 
| 221|0x00000000edd00000, 0x00000000ede00000, 0x00000000ede00000|100%| S|CS|TAMS 0x00000000edd00000, 0x00000000edd00000| Complete 
| 222|0x00000000ede00000, 0x00000000edf00000, 0x00000000edf00000|100%| S|CS|TAMS 0x00000000ede00000, 0x00000000ede00000| Complete 
| 223|0x00000000edf00000, 0x00000000ee000000, 0x00000000ee000000|100%| S|CS|TAMS 0x00000000edf00000, 0x00000000edf00000| Complete 
| 224|0x00000000ee000000, 0x00000000ee100000, 0x00000000ee100000|100%| S|CS|TAMS 0x00000000ee000000, 0x00000000ee000000| Complete 
| 225|0x00000000ee100000, 0x00000000ee200000, 0x00000000ee200000|100%| S|CS|TAMS 0x00000000ee100000, 0x00000000ee100000| Complete 
| 226|0x00000000ee200000, 0x00000000ee300000, 0x00000000ee300000|100%| S|CS|TAMS 0x00000000ee200000, 0x00000000ee200000| Complete 
| 227|0x00000000ee300000, 0x00000000ee400000, 0x00000000ee400000|100%| E|CS|TAMS 0x00000000ee300000, 0x00000000ee300000| Complete 
| 228|0x00000000ee400000, 0x00000000ee500000, 0x00000000ee500000|100%| E|CS|TAMS 0x00000000ee400000, 0x00000000ee400000| Complete 
| 229|0x00000000ee500000, 0x00000000ee600000, 0x00000000ee600000|100%| E|CS|TAMS 0x00000000ee500000, 0x00000000ee500000| Complete 
| 230|0x00000000ee600000, 0x00000000ee700000, 0x00000000ee700000|100%| E|CS|TAMS 0x00000000ee600000, 0x00000000ee600000| Complete 
| 231|0x00000000ee700000, 0x00000000ee800000, 0x00000000ee800000|100%| E|CS|TAMS 0x00000000ee700000, 0x00000000ee700000| Complete 
| 232|0x00000000ee800000, 0x00000000ee900000, 0x00000000ee900000|100%| E|CS|TAMS 0x00000000ee800000, 0x00000000ee800000| Complete 
| 233|0x00000000ee900000, 0x00000000eea00000, 0x00000000eea00000|100%| E|CS|TAMS 0x00000000ee900000, 0x00000000ee900000| Complete 
| 234|0x00000000eea00000, 0x00000000eeb00000, 0x00000000eeb00000|100%| E|CS|TAMS 0x00000000eea00000, 0x00000000eea00000| Complete 
| 235|0x00000000eeb00000, 0x00000000eec00000, 0x00000000eec00000|100%| E|CS|TAMS 0x00000000eeb00000, 0x00000000eeb00000| Complete 
| 236|0x00000000eec00000, 0x00000000eed00000, 0x00000000eed00000|100%| E|CS|TAMS 0x00000000eec00000, 0x00000000eec00000| Complete 
| 237|0x00000000eed00000, 0x00000000eee00000, 0x00000000eee00000|100%| E|CS|TAMS 0x00000000eed00000, 0x00000000eed00000| Complete 
| 238|0x00000000eee00000, 0x00000000eef00000, 0x00000000eef00000|100%| E|CS|TAMS 0x00000000eee00000, 0x00000000eee00000| Complete 
| 239|0x00000000eef00000, 0x00000000ef000000, 0x00000000ef000000|100%| E|CS|TAMS 0x00000000eef00000, 0x00000000eef00000| Complete 
| 240|0x00000000ef000000, 0x00000000ef100000, 0x00000000ef100000|100%| E|CS|TAMS 0x00000000ef000000, 0x00000000ef000000| Complete 
| 241|0x00000000ef100000, 0x00000000ef200000, 0x00000000ef200000|100%| E|CS|TAMS 0x00000000ef100000, 0x00000000ef100000| Complete 
| 242|0x00000000ef200000, 0x00000000ef300000, 0x00000000ef300000|100%| E|CS|TAMS 0x00000000ef200000, 0x00000000ef200000| Complete 
| 243|0x00000000ef300000, 0x00000000ef400000, 0x00000000ef400000|100%| E|CS|TAMS 0x00000000ef300000, 0x00000000ef300000| Complete 
| 244|0x00000000ef400000, 0x00000000ef500000, 0x00000000ef500000|100%| E|CS|TAMS 0x00000000ef400000, 0x00000000ef400000| Complete 
| 245|0x00000000ef500000, 0x00000000ef600000, 0x00000000ef600000|100%| E|CS|TAMS 0x00000000ef500000, 0x00000000ef500000| Complete 
| 246|0x00000000ef600000, 0x00000000ef700000, 0x00000000ef700000|100%| E|CS|TAMS 0x00000000ef600000, 0x00000000ef600000| Complete 
| 247|0x00000000ef700000, 0x00000000ef800000, 0x00000000ef800000|100%| E|CS|TAMS 0x00000000ef700000, 0x00000000ef700000| Complete 
| 248|0x00000000ef800000, 0x00000000ef900000, 0x00000000ef900000|100%| E|CS|TAMS 0x00000000ef800000, 0x00000000ef800000| Complete 
| 249|0x00000000ef900000, 0x00000000efa00000, 0x00000000efa00000|100%| E|CS|TAMS 0x00000000ef900000, 0x00000000ef900000| Complete 
| 250|0x00000000efa00000, 0x00000000efb00000, 0x00000000efb00000|100%| E|CS|TAMS 0x00000000efa00000, 0x00000000efa00000| Complete 
| 251|0x00000000efb00000, 0x00000000efc00000, 0x00000000efc00000|100%| E|CS|TAMS 0x00000000efb00000, 0x00000000efb00000| Complete 
| 252|0x00000000efc00000, 0x00000000efd00000, 0x00000000efd00000|100%| E|CS|TAMS 0x00000000efc00000, 0x00000000efc00000| Complete 
| 253|0x00000000efd00000, 0x00000000efe00000, 0x00000000efe00000|100%| E|CS|TAMS 0x00000000efd00000, 0x00000000efd00000| Complete 
| 254|0x00000000efe00000, 0x00000000eff00000, 0x00000000eff00000|100%| E|CS|TAMS 0x00000000efe00000, 0x00000000efe00000| Complete 
| 255|0x00000000eff00000, 0x00000000f0000000, 0x00000000f0000000|100%| E|CS|TAMS 0x00000000eff00000, 0x00000000eff00000| Complete 

Card table byte_map: [0x000002283e910000,0x000002283ea10000] _byte_map_base: 0x000002283e210000

Marking Bits (Prev, Next): (CMBitMap*) 0x0000022827683438, (CMBitMap*) 0x0000022827683470
 Prev Bits: [0x000002283eb10000, 0x000002283f310000)
 Next Bits: [0x000002283f310000, 0x000002283fb10000)

Polling page: 0x0000022826de0000

Metaspace:

Usage:
  Non-class:     39.53 MB capacity,    38.75 MB ( 98%) used,   664.88 KB (  2%) free+waste,   128.19 KB ( <1%) overhead. 
      Class:      6.26 MB capacity,     5.78 MB ( 92%) used,   431.02 KB (  7%) free+waste,    62.50 KB ( <1%) overhead. 
       Both:     45.79 MB capacity,    44.53 MB ( 97%) used,     1.07 MB (  2%) free+waste,   190.69 KB ( <1%) overhead. 

Virtual space:
  Non-class space:       40.00 MB reserved,      39.58 MB ( 99%) committed 
      Class space:      376.00 MB reserved,       6.38 MB (  2%) committed 
             Both:      416.00 MB reserved,      45.95 MB ( 11%) committed 

Chunk freelists:
   Non-Class:  6.63 KB
       Class:  2.88 KB
        Both:  9.50 KB

CodeHeap 'non-profiled nmethods': size=120064Kb used=2126Kb max_used=2126Kb free=117937Kb
 bounds [0x00000228373d0000, 0x0000022837640000, 0x000002283e910000]
CodeHeap 'profiled nmethods': size=120000Kb used=7917Kb max_used=7917Kb free=112082Kb
 bounds [0x000002282fea0000, 0x0000022830660000, 0x00000228373d0000]
CodeHeap 'non-nmethods': size=5696Kb used=2223Kb max_used=2258Kb free=3472Kb
 bounds [0x000002282f910000, 0x000002282fb80000, 0x000002282fea0000]
 total_blobs=5749 nmethods=3665 adapters=703
 compilation: enabled
              stopped_count=0, restarted_count=0
 full_count=0

Compilation events (10 events):
Event: 11.092 Thread 0x0000022842a2b800 nmethod 3933 0x000002283744e510 code [0x000002283744e6c0, 0x000002283744e778]
Event: 11.092 Thread 0x0000022842a32800 3934       3       org.gradle.model.internal.asm.MethodVisitorScope::_PUTFIELD (11 bytes)
Event: 11.092 Thread 0x0000022842a32800 nmethod 3934 0x000002282ffc3890 code [0x000002282ffc3a60, 0x000002282ffc3d30]
Event: 11.135 Thread 0x00000228467aa000 3935       4       jdk.internal.loader.ClassLoaders$BootClassLoader::loadClassOrNull (11 bytes)
Event: 11.140 Thread 0x00000228467aa000 nmethod 3935 0x000002283744dc10 code [0x000002283744dde0, 0x000002283744e128]
Event: 11.203 Thread 0x0000022842a32800 3937       3       java.lang.invoke.LambdaFormEditor$Transform::of (49 bytes)
Event: 11.203 Thread 0x0000022842a32800 nmethod 3937 0x000002282ffc2990 code [0x000002282ffc2be0, 0x000002282ffc3520]
Event: 11.203 Thread 0x0000022842a32800 3938       3       java.lang.invoke.LambdaFormEditor$Transform::packedBytes (32 bytes)
Event: 11.204 Thread 0x0000022842a32800 nmethod 3938 0x000002282ffc2610 code [0x000002282ffc27c0, 0x000002282ffc2918]
Event: 11.237 Thread 0x0000022842a2b800 3939       4       java.lang.ClassLoader::definePackage (84 bytes)

GC Heap History (10 events):
Event: 0.727 GC heap before
{Heap before GC invocations=0 (full 0):
 garbage-first heap   total 262144K, used 14336K [0x00000000e0000000, 0x0000000100000000)
  region size 1024K, 14 young (14336K), 0 survivors (0K)
 Metaspace       used 7173K, capacity 7322K, committed 7424K, reserved 393216K
  class space    used 637K, capacity 695K, committed 768K, reserved 385024K
}
Event: 0.730 GC heap after
{Heap after GC invocations=1 (full 0):
 garbage-first heap   total 262144K, used 3798K [0x00000000e0000000, 0x0000000100000000)
  region size 1024K, 2 young (2048K), 2 survivors (2048K)
 Metaspace       used 7173K, capacity 7322K, committed 7424K, reserved 393216K
  class space    used 637K, capacity 695K, committed 768K, reserved 385024K
}
Event: 4.122 GC heap before
{Heap before GC invocations=1 (full 0):
 garbage-first heap   total 262144K, used 115414K [0x00000000e0000000, 0x0000000100000000)
  region size 1024K, 107 young (109568K), 2 survivors (2048K)
 Metaspace       used 20778K, capacity 21228K, committed 21296K, reserved 405504K
  class space    used 2491K, capacity 2671K, committed 2688K, reserved 385024K
}
Event: 4.140 GC heap after
{Heap after GC invocations=2 (full 0):
 garbage-first heap   total 262144K, used 18309K [0x00000000e0000000, 0x0000000100000000)
  region size 1024K, 13 young (13312K), 13 survivors (13312K)
 Metaspace       used 20778K, capacity 21228K, committed 21296K, reserved 405504K
  class space    used 2491K, capacity 2671K, committed 2688K, reserved 385024K
}
Event: 4.817 GC heap before
{Heap before GC invocations=3 (full 0):
 garbage-first heap   total 262144K, used 56197K [0x00000000e0000000, 0x0000000100000000)
  region size 1024K, 50 young (51200K), 13 survivors (13312K)
 Metaspace       used 24004K, capacity 24730K, committed 25008K, reserved 407552K
  class space    used 3034K, capacity 3266K, committed 3328K, reserved 385024K
}
Event: 4.826 GC heap after
{Heap after GC invocations=4 (full 0):
 garbage-first heap   total 262144K, used 19739K [0x00000000e0000000, 0x0000000100000000)
  region size 1024K, 2 young (2048K), 2 survivors (2048K)
 Metaspace       used 24004K, capacity 24730K, committed 25008K, reserved 407552K
  class space    used 3034K, capacity 3266K, committed 3328K, reserved 385024K
}
Event: 7.762 GC heap before
{Heap before GC invocations=4 (full 0):
 garbage-first heap   total 262144K, used 132379K [0x00000000e0000000, 0x0000000100000000)
  region size 1024K, 102 young (104448K), 2 survivors (2048K)
 Metaspace       used 32041K, capacity 32993K, committed 33072K, reserved 413696K
  class space    used 4316K, capacity 4661K, committed 4736K, reserved 385024K
}
Event: 7.768 GC heap after
{Heap after GC invocations=5 (full 0):
 garbage-first heap   total 262144K, used 36231K [0x00000000e0000000, 0x0000000100000000)
  region size 1024K, 7 young (7168K), 7 survivors (7168K)
 Metaspace       used 32041K, capacity 32993K, committed 33072K, reserved 413696K
  class space    used 4316K, capacity 4661K, committed 4736K, reserved 385024K
}
Event: 8.392 GC heap before
{Heap before GC invocations=5 (full 0):
 garbage-first heap   total 262144K, used 64903K [0x00000000e0000000, 0x0000000100000000)
  region size 1024K, 36 young (36864K), 7 survivors (7168K)
 Metaspace       used 34778K, capacity 35837K, committed 35920K, reserved 417792K
  class space    used 4722K, capacity 5118K, committed 5120K, reserved 385024K
}
Event: 8.401 GC heap after
{Heap after GC invocations=6 (full 0):
 garbage-first heap   total 262144K, used 37353K [0x00000000e0000000, 0x0000000100000000)
  region size 1024K, 8 young (8192K), 8 survivors (8192K)
 Metaspace       used 34778K, capacity 35837K, committed 35920K, reserved 417792K
  class space    used 4722K, capacity 5118K, committed 5120K, reserved 385024K
}

Deoptimization events (10 events):
Event: 9.746 Thread 0x000002284445f800 Uncommon trap: reason=profile_predicate action=maybe_recompile pc=0x0000022837592ad0 method=jdk.internal.jimage.ImageStringsReader.charsFromByteBuffer([CLjava/nio/ByteBuffer;)V @ 6 c2
Event: 9.746 Thread 0x000002284445f800 Uncommon trap: reason=profile_predicate action=maybe_recompile pc=0x0000022837590ce8 method=jdk.internal.jimage.ImageStringsReader.charsFromByteBuffer([CLjava/nio/ByteBuffer;)V @ 6 c2
Event: 9.791 Thread 0x000002284445f800 Uncommon trap: reason=class_check action=maybe_recompile pc=0x000002283758e024 method=java.util.regex.Pattern$Start.match(Ljava/util/regex/Matcher;ILjava/lang/CharSequence;)Z @ 44 c2
Event: 9.791 Thread 0x000002284445f800 Uncommon trap: reason=class_check action=maybe_recompile pc=0x000002283758e024 method=java.util.regex.Pattern$Start.match(Ljava/util/regex/Matcher;ILjava/lang/CharSequence;)Z @ 44 c2
Event: 10.111 Thread 0x000002284445f800 Uncommon trap: reason=speculate_null_assert action=make_not_entrant pc=0x0000022837572514 method=java.lang.ClassLoader.checkCerts(Ljava/lang/String;Ljava/security/CodeSource;)V @ 71 c2
Event: 10.125 Thread 0x000002284445f800 Uncommon trap: reason=class_check action=maybe_recompile pc=0x000002283758e024 method=java.util.regex.Pattern$Start.match(Ljava/util/regex/Matcher;ILjava/lang/CharSequence;)Z @ 44 c2
Event: 10.139 Thread 0x000002284445f800 Uncommon trap: reason=class_check action=maybe_recompile pc=0x000002283758e024 method=java.util.regex.Pattern$Start.match(Ljava/util/regex/Matcher;ILjava/lang/CharSequence;)Z @ 44 c2
Event: 10.140 Thread 0x000002284445f800 Uncommon trap: reason=class_check action=maybe_recompile pc=0x000002283757f30c method=java.util.regex.Pattern$Start.match(Ljava/util/regex/Matcher;ILjava/lang/CharSequence;)Z @ 44 c2
Event: 10.526 Thread 0x000002284445f800 Uncommon trap: reason=speculate_null_assert action=make_not_entrant pc=0x00000228375741d4 method=java.lang.ClassLoader.checkCerts(Ljava/lang/String;Ljava/security/CodeSource;)V @ 71 c2
Event: 10.851 Thread 0x000002284445f800 Uncommon trap: reason=unstable_if action=reinterpret pc=0x000002283753b338 method=java.util.Arrays.hashCode([Ljava/lang/Object;)I @ 34 c2

Classes redefined (0 events):
No events

Internal exceptions (10 events):
Event: 10.541 Thread 0x000002284445f800 Exception <a 'java/lang/ClassNotFoundException'{0x00000000eb663018}: org/gradle/api/internal/initialization/DefaultScriptHandlerBeanInfo> (0x00000000eb663018) thrown at [t:/workspace/open/src/hotspot/share/classfile/systemDictionary.cpp, line 231]
Event: 10.542 Thread 0x000002284445f800 Exception <a 'java/lang/ClassNotFoundException'{0x00000000eb691540}: org/gradle/api/internal/initialization/DefaultScriptHandlerCustomizer> (0x00000000eb691540) thrown at [t:/workspace/open/src/hotspot/share/classfile/systemDictionary.cpp, line 231]
Event: 10.851 Thread 0x000002284445f800 Implicit null exception at 0x000002283753b26f to 0x000002283753b31a
Event: 10.863 Thread 0x000002284445f800 Exception <a 'java/lang/ClassNotFoundException'{0x00000000eab9f0e8}: org/gradle/api/internal/artifacts/dsl/dependencies/DefaultDependencyHandler_DecoratedBeanInfo> (0x00000000eab9f0e8) thrown at [t:/workspace/open/src/hotspot/share/classfile/systemDiction
Event: 10.864 Thread 0x000002284445f800 Exception <a 'java/lang/ClassNotFoundException'{0x00000000eabe4a00}: org/gradle/api/internal/artifacts/dsl/dependencies/DefaultDependencyHandlerBeanInfo> (0x00000000eabe4a00) thrown at [t:/workspace/open/src/hotspot/share/classfile/systemDictionary.cpp, l
Event: 10.865 Thread 0x000002284445f800 Exception <a 'java/lang/ClassNotFoundException'{0x00000000eaa2a510}: org/gradle/api/internal/artifacts/dsl/dependencies/DefaultDependencyHandlerCustomizer> (0x00000000eaa2a510) thrown at [t:/workspace/open/src/hotspot/share/classfile/systemDictionary.cpp,
Event: 10.869 Thread 0x000002284445f800 Exception <a 'java/lang/ClassNotFoundException'{0x00000000eaa99620}: org/gradle/api/internal/artifacts/dsl/dependencies/DefaultDependencyHandler_DecoratedCustomizer> (0x00000000eaa99620) thrown at [t:/workspace/open/src/hotspot/share/classfile/systemDicti
Event: 10.872 Thread 0x000002284445f800 Exception <a 'java/lang/ClassNotFoundException'{0x00000000eaad9e18}: sync_studio_tooling9_64oq8nlv44z69h6i9cmwtk844$_run_closure1BeanInfo> (0x00000000eaad9e18) thrown at [t:/workspace/open/src/hotspot/share/classfile/systemDictionary.cpp, line 231]
Event: 10.872 Thread 0x000002284445f800 Exception <a 'java/lang/ClassNotFoundException'{0x00000000eaae0ed0}: sync_studio_tooling9_64oq8nlv44z69h6i9cmwtk844$_run_closure1Customizer> (0x00000000eaae0ed0) thrown at [t:/workspace/open/src/hotspot/share/classfile/systemDictionary.cpp, line 231]
Event: 11.203 Thread 0x000002284445f800 Exception <a 'java/lang/NoSuchMethodError'{0x00000000e9e4b540}: java.lang.invoke.DirectMethodHandle$Holder.invokeInterface(Ljava/lang/Object;Ljava/lang/Object;)V> (0x00000000e9e4b540) thrown at [t:/workspace/open/src/hotspot/share/interpreter/linkResolver

Events (10 events):
Event: 11.231 loading class org/gradle/internal/component/model/ComponentGraphSpecificResolveState$1
Event: 11.231 loading class org/gradle/internal/component/model/ComponentGraphSpecificResolveState$1 done
Event: 11.232 loading class org/gradle/api/internal/artifacts/ivyservice/resolveengine/graph/selectors/SelectorStateResolver
Event: 11.232 loading class org/gradle/api/internal/artifacts/ivyservice/resolveengine/graph/selectors/SelectorStateResolver done
Event: 11.237 loading class org/gradle/api/internal/artifacts/ResolvedConfigurationIdentifier
Event: 11.237 loading class org/gradle/api/internal/artifacts/ResolvedConfigurationIdentifier done
Event: 11.241 loading class org/gradle/internal/component/model/ComponentConfigurationIdentifier
Event: 11.241 loading class org/gradle/internal/component/model/ComponentConfigurationIdentifier done
Event: 11.242 loading class org/gradle/api/internal/artifacts/ivyservice/moduleconverter/dependencies/DefaultLocalConfigurationMetadataBuilder$1
Event: 11.242 loading class org/gradle/api/internal/artifacts/ivyservice/moduleconverter/dependencies/DefaultLocalConfigurationMetadataBuilder$1 done


Dynamic libraries:
0x00007ff6730e0000 - 0x00007ff673125000 	C:\jdk11\bin\java.exe
0x00007fff89750000 - 0x00007fff89948000 	C:\Windows\SYSTEM32\ntdll.dll
0x00007fff893e0000 - 0x00007fff8949d000 	C:\Windows\System32\KERNEL32.DLL
0x00007fff87110000 - 0x00007fff873de000 	C:\Windows\System32\KERNELBASE.dll
0x00007fff881b0000 - 0x00007fff88350000 	C:\Windows\System32\USER32.dll
0x00007fff87620000 - 0x00007fff87642000 	C:\Windows\System32\win32u.dll
0x00007fff894a0000 - 0x00007fff894ca000 	C:\Windows\System32\GDI32.dll
0x00007fff86f90000 - 0x00007fff8709b000 	C:\Windows\System32\gdi32full.dll
0x00007fff86ea0000 - 0x00007fff86f3d000 	C:\Windows\System32\msvcp_win.dll
0x00007fff87470000 - 0x00007fff87570000 	C:\Windows\System32\ucrtbase.dll
0x00007fff84da0000 - 0x00007fff8503a000 	C:\Windows\WinSxS\amd64_microsoft.windows.common-controls_6595b64144ccf1df_6.0.19041.1110_none_60b5254171f9507e\COMCTL32.dll
0x00007fff89340000 - 0x00007fff893de000 	C:\Windows\System32\msvcrt.dll
0x00007fff88a20000 - 0x00007fff88a50000 	C:\Windows\System32\IMM32.DLL
0x00007fff71190000 - 0x00007fff711f8000 	C:\WWCNT\SYSTEM\printhk64.dll
0x00007fff89230000 - 0x00007fff892de000 	C:\Windows\System32\ADVAPI32.dll
0x00007fff88850000 - 0x00007fff888ec000 	C:\Windows\System32\sechost.dll
0x00007fff88700000 - 0x00007fff88825000 	C:\Windows\System32\RPCRT4.dll
0x00007fff85450000 - 0x00007fff85483000 	C:\Windows\SYSTEM32\ntmarta.dll
0x00007fff86c80000 - 0x00007fff86cb8000 	C:\Program Files\Citrix\System32\MfApHook64.dll
0x00007fff86bb0000 - 0x00007fff86bc2000 	C:\Program Files\Citrix\IcaService\FullScreenHook64.dll
0x00007fff515d0000 - 0x00007fff5167a000 	C:\jdk11\bin\MSVCP140.dll
0x00007fff66760000 - 0x00007fff66776000 	C:\jdk11\bin\VCRUNTIME140.dll
0x00007fff86670000 - 0x00007fff8669a000 	C:\Program Files\Citrix\ICAService\ShellHook64.dll
0x00007fff880f0000 - 0x00007fff88145000 	C:\Windows\System32\SHLWAPI.dll
0x00007fff86560000 - 0x00007fff8666f000 	C:\Program Files\Citrix\IcaService\SCardHook64.dll
0x00007fff864c0000 - 0x00007fff864e0000 	C:\Program Files\Citrix\ICAService\cxinjime64.dll
0x00007fff86490000 - 0x00007fff864bc000 	C:\Program Files\Citrix\ICAService\PicaWtsHook64.dll
0x00007fff03320000 - 0x00007fff03e61000 	C:\jdk11\bin\server\jvm.dll
0x00007fff88350000 - 0x00007fff88358000 	C:\Windows\System32\PSAPI.DLL
0x00007fff75580000 - 0x00007fff75589000 	C:\Windows\SYSTEM32\WSOCK32.dll
0x00007fff88360000 - 0x00007fff883cb000 	C:\Windows\System32\WS2_32.dll
0x00007fff79c90000 - 0x00007fff79cb7000 	C:\Windows\SYSTEM32\WINMM.dll
0x00007fff86a60000 - 0x00007fff86a6a000 	C:\Windows\SYSTEM32\VERSION.dll
0x00007fff84d50000 - 0x00007fff84d62000 	C:\Windows\SYSTEM32\kernel.appcore.dll
0x00007fff66720000 - 0x00007fff66731000 	C:\jdk11\bin\verify.dll
0x00007fff84880000 - 0x00007fff84a64000 	C:\Windows\SYSTEM32\DBGHELP.DLL
0x00007fff759e0000 - 0x00007fff75a0c000 	C:\Windows\SYSTEM32\dbgcore.DLL
0x0000022826d50000 - 0x0000022826dd2000 	C:\Windows\System32\bcryptPrimitives.dll
0x00007fff640a0000 - 0x00007fff640c8000 	C:\jdk11\bin\java.dll
0x00007fff64070000 - 0x00007fff6409f000 	C:\jdk11\bin\instrument.dll
0x00007fff64320000 - 0x00007fff64336000 	C:\jdk11\bin\zip.dll
0x00007fff6f130000 - 0x00007fff6f13a000 	C:\jdk11\bin\jimage.dll
0x00007fff88a50000 - 0x00007fff89193000 	C:\Windows\System32\SHELL32.dll
0x00007fff840e0000 - 0x00007fff84875000 	C:\Windows\SYSTEM32\windows.storage.dll
0x00007fff87d80000 - 0x00007fff880d4000 	C:\Windows\System32\combase.dll
0x00007fff860e0000 - 0x00007fff86110000 	C:\Windows\SYSTEM32\Wldp.dll
0x00007fff894d0000 - 0x00007fff8957d000 	C:\Windows\System32\SHCORE.dll
0x00007fff86db0000 - 0x00007fff86dcf000 	C:\Windows\SYSTEM32\profapi.dll
0x00007fff63750000 - 0x00007fff63769000 	C:\jdk11\bin\net.dll
0x00007fff7f1e0000 - 0x00007fff7f2ea000 	C:\Windows\SYSTEM32\WINHTTP.dll
0x00007fff85e40000 - 0x00007fff85eaa000 	C:\Windows\system32\mswsock.dll
0x00007fff61d70000 - 0x00007fff61d83000 	C:\jdk11\bin\nio.dll
0x00007fff6fe10000 - 0x00007fff6fe37000 	C:\Users\94101574\.gradle\native\68d5fa5c4cc2d200863cafc0d521ce42e7d3e7ee720ec0a83991735586a16f82\windows-amd64\native-platform.dll
0x00007fff17cc0000 - 0x00007fff17e04000 	C:\Users\94101574\.gradle\native\e376f236ea51e6404a007f0833ffe2c6e607c4080706a723a18a27aeea778392\windows-amd64\native-platform-file-events.dll
0x00007fff68ee0000 - 0x00007fff68ee9000 	C:\jdk11\bin\management.dll
0x00007fff66260000 - 0x00007fff6626c000 	C:\jdk11\bin\management_ext.dll
0x00007fff86030000 - 0x00007fff86048000 	C:\Windows\SYSTEM32\CRYPTSP.dll
0x00007fff857c0000 - 0x00007fff857f4000 	C:\Windows\system32\rsaenh.dll
0x00007fff86e70000 - 0x00007fff86e97000 	C:\Windows\System32\bcrypt.dll
0x00007fff86d70000 - 0x00007fff86d9e000 	C:\Windows\SYSTEM32\USERENV.dll
0x00007fff86050000 - 0x00007fff8605c000 	C:\Windows\SYSTEM32\CRYPTBASE.dll
0x00007fff85b30000 - 0x00007fff85b6b000 	C:\Windows\SYSTEM32\IPHLPAPI.DLL
0x00007fff880e0000 - 0x00007fff880e8000 	C:\Windows\System32\NSI.dll
0x00007fff80e00000 - 0x00007fff80e17000 	C:\Windows\SYSTEM32\dhcpcsvc6.DLL
0x00007fff80de0000 - 0x00007fff80dfd000 	C:\Windows\SYSTEM32\dhcpcsvc.DLL
0x00007fff85b70000 - 0x00007fff85c3a000 	C:\Windows\SYSTEM32\DNSAPI.dll

dbghelp: loaded successfully - version: 4.0.5 - missing functions: none
symbol engine: initialized successfully - sym options: 0x614 - pdb path: .;C:\jdk11\bin;C:\Windows\SYSTEM32;C:\Windows\WinSxS\amd64_microsoft.windows.common-controls_6595b64144ccf1df_6.0.19041.1110_none_60b5254171f9507e;C:\WWCNT\SYSTEM;C:\Program Files\Citrix\System32;C:\Program Files\Citrix\IcaService;C:\jdk11\bin\server;C:\Users\94101574\.gradle\native\68d5fa5c4cc2d200863cafc0d521ce42e7d3e7ee720ec0a83991735586a16f82\windows-amd64;C:\Users\94101574\.gradle\native\e376f236ea51e6404a007f0833ffe2c6e607c4080706a723a18a27aeea778392\windows-amd64

VM Arguments:
jvm_args: --add-opens=java.base/java.util=ALL-UNNAMED --add-opens=java.base/java.lang=ALL-UNNAMED --add-opens=java.base/java.lang.invoke=ALL-UNNAMED --add-opens=java.prefs/java.util.prefs=ALL-UNNAMED --add-opens=java.base/java.nio.charset=ALL-UNNAMED --add-opens=java.base/java.net=ALL-UNNAMED --add-opens=java.base/java.util.concurrent.atomic=ALL-UNNAMED -XX:MaxMetaspaceSize=384m -XX:+HeapDumpOnOutOfMemoryError -Xms256m -Xmx512m -Dfile.encoding=x-windows-949 -Duser.country=KR -Duser.language=ko -Duser.variant -javaagent:C:\Users\94101574\.gradle\wrapper\dists\gradle-8.2.1-bin\5hap6b9n41hkg4jeh2au2pllh\gradle-8.2.1\lib\agents\gradle-instrumentation-agent-8.2.1.jar 
java_command: org.gradle.launcher.daemon.bootstrap.GradleDaemon 8.2.1
java_class_path (initial): C:\Users\94101574\.gradle\wrapper\dists\gradle-8.2.1-bin\5hap6b9n41hkg4jeh2au2pllh\gradle-8.2.1\lib\gradle-launcher-8.2.1.jar
Launcher Type: SUN_STANDARD

[Global flags]
     intx CICompilerCount                          = 3                                         {product} {ergonomic}
   size_t CompressedClassSpaceSize                 = 394264576                                 {product} {ergonomic}
     uint ConcGCThreads                            = 1                                         {product} {ergonomic}
     uint G1ConcRefinementThreads                  = 4                                         {product} {ergonomic}
   size_t G1HeapRegionSize                         = 1048576                                   {product} {ergonomic}
    uintx GCDrainStackTargetSize                   = 64                                        {product} {ergonomic}
     bool HeapDumpOnOutOfMemoryError               = true                                   {manageable} {command line}
   size_t InitialHeapSize                          = 268435456                                 {product} {command line}
   size_t MarkStackSize                            = 4194304                                   {product} {ergonomic}
   size_t MaxHeapSize                              = 536870912                                 {product} {command line}
   size_t MaxMetaspaceSize                         = 402653184                                 {product} {command line}
   size_t MaxNewSize                               = 321912832                                 {product} {ergonomic}
   size_t MinHeapDeltaBytes                        = 1048576                                   {product} {ergonomic}
    uintx NonNMethodCodeHeapSize                   = 5830092                                {pd product} {ergonomic}
    uintx NonProfiledCodeHeapSize                  = 122914074                              {pd product} {ergonomic}
    uintx ProfiledCodeHeapSize                     = 122914074                              {pd product} {ergonomic}
    uintx ReservedCodeCacheSize                    = 251658240                              {pd product} {ergonomic}
     bool SegmentedCodeCache                       = true                                      {product} {ergonomic}
     bool UseCompressedClassPointers               = true                                 {lp64_product} {ergonomic}
     bool UseCompressedOops                        = true                                 {lp64_product} {ergonomic}
     bool UseG1GC                                  = true                                      {product} {ergonomic}
     bool UseLargePagesIndividualAllocation        = false                                  {pd product} {ergonomic}

Logging:
Log output configuration:
 #0: stdout all=warning uptime,level,tags
 #1: stderr all=off uptime,level,tags

Environment Variables:
PATH=C:\Program Files\Citrix\ICAService\;C:\Program Files\Citrix\System32\;C:\Users\94101574\AppData\Local\Microsoft\WindowsApps;C:\Windows;C:\Windows\system32;C:\Windows\System32\OpenSSH\;C:\Windows\System32\Wbem;C:\Windows\System32\WindowsPowerShell\v1.0\;C:\Program Files\Citrix\ICAService;C:\Program Files\Citrix\System32;C:\Program Files\Citrix\Virtual Desktop Agent;%NVM_HOME%;%NVM_SYMLINK%;C:\Program Files\nodejs\;C:\Users\94101574\AppData\Local\Microsoft\WindowsApps;C:\Program Files\JetBrains\IntelliJ IDEA Community Edition 2023.2\bin;;C:\Users\94101574\AppData\Local\Programs\Microsoft VS Code\bin;C:\Users\94101574\AppData\Roaming\nvm;C:\Program Files\nodejs;C:\Users\94101574\AppData\Roaming\npm
USERNAME=94101574
OS=Windows_NT
PROCESSOR_IDENTIFIER=Intel64 Family 6 Model 85 Stepping 7, GenuineIntel



---------------  S Y S T E M  ---------------

OS: Windows 10 , 64 bit Build 19041 (10.0.19041.1889)

CPU:total 4 (initial active 4) (2 cores per cpu, 1 threads per core) family 6 model 85 stepping 7, cmov, cx8, fxsr, mmx, sse, sse2, sse3, ssse3, sse4.1, sse4.2, popcnt, avx, avx2, aes, clmul, erms, 3dnowpref, lzcnt, tsc, tscinvbit, bmi1, bmi2, adx, fma

Memory: 4k page, system-wide physical 8190M (106M free)
TotalPageFile size 17067M (AvailPageFile size 0M)
current process WorkingSet (physical memory assigned to process): 290M, peak: 313M
current process commit charge ("private bytes"): 427M, peak: 451M

vm_info: OpenJDK 64-Bit Server VM (11+28) for windows-amd64 JRE (11+28), built on Aug 23 2018 03:04:58 by "mach5one" with MS VC++ 15.5 (VS2017)

END.
